<?xml version="1.0" encoding="UTF-8" ?>
<testsuite errors="0" failures="0" hostname="Omar" name="Control.CntrlMainTest" skipped="0" tests="1" time="1.913" timestamp="2022-10-13T05:07:38">
  <properties>
[...]
</properties>
  <testcase classname="Control.CntrlMainTest" name="testSettingsTieneValoresAlIniciarPrograma" time="1.816" />
  <system-out><![CDATA[Controlador CntrlMain inicializado
Controlador CntrlPendingPanel inicializado
Controlador CntrlAddNote inicializado
Controlador CntrlPendingNotesItem inicializado
Controlador CntrlPendingNotesItem inicializado
testThemeValue tiene valor
]]></system-out>
  <system-err><![CDATA[]]></system-err>
</testsuite>
